mode: set
github.com/aasanchez/ocpp16types/authorizationdata.go:33.28,35.2 1 0
github.com/aasanchez/ocpp16types/authorizationdata.go:43.30,45.16 2 0
github.com/aasanchez/ocpp16types/authorizationdata.go:45.16,51.3 1 0
github.com/aasanchez/ocpp16types/authorizationdata.go:53.2,55.28 2 0
github.com/aasanchez/ocpp16types/authorizationdata.go:55.28,60.3 1 0
github.com/aasanchez/ocpp16types/authorizationdata.go:62.2,63.16 2 0
github.com/aasanchez/ocpp16types/authorizationdata.go:63.16,69.3 1 0
github.com/aasanchez/ocpp16types/authorizationdata.go:71.2,74.8 1 0
github.com/aasanchez/ocpp16types/authorizationdata.go:77.62,81.16 3 0
github.com/aasanchez/ocpp16types/authorizationdata.go:81.16,90.3 1 0
github.com/aasanchez/ocpp16types/authorizationdata.go:92.2,92.29 1 0
github.com/aasanchez/ocpp16types/authorizationdata.go:92.29,94.17 2 0
github.com/aasanchez/ocpp16types/authorizationdata.go:94.17,100.4 1 0
github.com/aasanchez/ocpp16types/authorizationdata.go:102.3,102.51 1 0
github.com/aasanchez/ocpp16types/authorizationdata.go:105.2,105.30 1 0
github.com/aasanchez/ocpp16types/authorizationdata.go:105.30,107.17 2 0
github.com/aasanchez/ocpp16types/authorizationdata.go:107.17,117.4 1 0
github.com/aasanchez/ocpp16types/authorizationdata.go:119.3,120.55 2 0
github.com/aasanchez/ocpp16types/authorizationdata.go:123.2,123.23 1 0
github.com/aasanchez/ocpp16types/authorizationstatus.go:25.45,26.11 1 1
github.com/aasanchez/ocpp16types/authorizationstatus.go:29.35,30.14 1 1
github.com/aasanchez/ocpp16types/authorizationstatus.go:31.10,32.15 1 1
github.com/aasanchez/ocpp16types/authorizationstatus.go:37.46,39.2 1 1
github.com/aasanchez/ocpp16types/availabilitystatus.go:22.44,23.11 1 0
github.com/aasanchez/ocpp16types/availabilitystatus.go:26.31,27.14 1 0
github.com/aasanchez/ocpp16types/availabilitystatus.go:28.10,29.15 1 0
github.com/aasanchez/ocpp16types/availabilitystatus.go:34.45,36.2 1 0
github.com/aasanchez/ocpp16types/availabilitytype.go:21.42,22.11 1 0
github.com/aasanchez/ocpp16types/availabilitytype.go:24.29,25.14 1 0
github.com/aasanchez/ocpp16types/availabilitytype.go:26.10,27.15 1 0
github.com/aasanchez/ocpp16types/availabilitytype.go:32.43,34.2 1 0
github.com/aasanchez/ocpp16types/cancelreservationstatus.go:18.49,19.11 1 0
github.com/aasanchez/ocpp16types/cancelreservationstatus.go:21.35,22.14 1 0
github.com/aasanchez/ocpp16types/cancelreservationstatus.go:23.10,24.15 1 0
github.com/aasanchez/ocpp16types/cancelreservationstatus.go:29.50,31.2 1 0
github.com/aasanchez/ocpp16types/chargepointerrorcode.go:47.46,48.11 1 0
github.com/aasanchez/ocpp16types/chargepointerrorcode.go:56.42,57.14 1 0
github.com/aasanchez/ocpp16types/chargepointerrorcode.go:58.10,59.15 1 0
github.com/aasanchez/ocpp16types/chargepointerrorcode.go:64.47,66.2 1 0
github.com/aasanchez/ocpp16types/chargepointstatus.go:34.43,35.11 1 0
github.com/aasanchez/ocpp16types/chargepointstatus.go:40.28,41.14 1 0
github.com/aasanchez/ocpp16types/chargepointstatus.go:42.10,43.15 1 0
github.com/aasanchez/ocpp16types/chargepointstatus.go:48.44,50.2 1 0
github.com/aasanchez/ocpp16types/chargingprofile.go:67.78,71.16 3 0
github.com/aasanchez/ocpp16types/chargingprofile.go:71.16,73.3 1 0
github.com/aasanchez/ocpp16types/chargingprofile.go:75.2,76.16 2 0
github.com/aasanchez/ocpp16types/chargingprofile.go:76.16,78.3 1 0
github.com/aasanchez/ocpp16types/chargingprofile.go:80.2,81.16 2 0
github.com/aasanchez/ocpp16types/chargingprofile.go:81.16,83.3 1 0
github.com/aasanchez/ocpp16types/chargingprofile.go:85.2,86.16 2 0
github.com/aasanchez/ocpp16types/chargingprofile.go:86.16,88.3 1 0
github.com/aasanchez/ocpp16types/chargingprofile.go:90.2,91.16 2 0
github.com/aasanchez/ocpp16types/chargingprofile.go:91.16,93.3 1 0
github.com/aasanchez/ocpp16types/chargingprofile.go:95.2,96.16 2 0
github.com/aasanchez/ocpp16types/chargingprofile.go:96.16,98.3 1 0
github.com/aasanchez/ocpp16types/chargingprofile.go:100.2,101.16 2 0
github.com/aasanchez/ocpp16types/chargingprofile.go:101.16,103.3 1 0
github.com/aasanchez/ocpp16types/chargingprofile.go:105.2,106.16 2 0
github.com/aasanchez/ocpp16types/chargingprofile.go:106.16,108.3 1 0
github.com/aasanchez/ocpp16types/chargingprofile.go:110.2,111.16 2 0
github.com/aasanchez/ocpp16types/chargingprofile.go:111.16,113.3 1 0
github.com/aasanchez/ocpp16types/chargingprofile.go:115.2,115.30 1 0
github.com/aasanchez/ocpp16types/chargingprofile.go:115.30,133.3 1 0
github.com/aasanchez/ocpp16types/chargingprofile.go:135.2,145.8 1 0
github.com/aasanchez/ocpp16types/chargingprofile.go:149.57,151.16 2 0
github.com/aasanchez/ocpp16types/chargingprofile.go:151.16,153.3 1 0
github.com/aasanchez/ocpp16types/chargingprofile.go:155.2,155.23 1 0
github.com/aasanchez/ocpp16types/chargingprofile.go:159.55,160.15 1 0
github.com/aasanchez/ocpp16types/chargingprofile.go:160.15,162.3 1 0
github.com/aasanchez/ocpp16types/chargingprofile.go:164.2,165.16 2 0
github.com/aasanchez/ocpp16types/chargingprofile.go:165.16,167.3 1 0
github.com/aasanchez/ocpp16types/chargingprofile.go:169.2,169.19 1 0
github.com/aasanchez/ocpp16types/chargingprofile.go:173.53,174.27 1 0
github.com/aasanchez/ocpp16types/chargingprofile.go:174.27,176.3 1 0
github.com/aasanchez/ocpp16types/chargingprofile.go:178.2,179.16 2 0
github.com/aasanchez/ocpp16types/chargingprofile.go:179.16,181.3 1 0
github.com/aasanchez/ocpp16types/chargingprofile.go:183.2,183.24 1 0
github.com/aasanchez/ocpp16types/chargingprofile.go:189.39,191.28 2 0
github.com/aasanchez/ocpp16types/chargingprofile.go:191.28,193.3 1 0
github.com/aasanchez/ocpp16types/chargingprofile.go:195.2,195.25 1 0
github.com/aasanchez/ocpp16types/chargingprofile.go:199.80,201.25 2 0
github.com/aasanchez/ocpp16types/chargingprofile.go:201.25,203.3 1 0
github.com/aasanchez/ocpp16types/chargingprofile.go:205.2,205.22 1 0
github.com/aasanchez/ocpp16types/chargingprofile.go:209.72,210.17 1 0
github.com/aasanchez/ocpp16types/chargingprofile.go:210.17,212.3 1 0
github.com/aasanchez/ocpp16types/chargingprofile.go:214.2,215.31 2 0
github.com/aasanchez/ocpp16types/chargingprofile.go:215.31,217.3 1 0
github.com/aasanchez/ocpp16types/chargingprofile.go:219.2,219.29 1 0
github.com/aasanchez/ocpp16types/chargingprofile.go:223.62,224.22 1 0
github.com/aasanchez/ocpp16types/chargingprofile.go:224.22,226.3 1 0
github.com/aasanchez/ocpp16types/chargingprofile.go:228.2,229.16 2 0
github.com/aasanchez/ocpp16types/chargingprofile.go:229.16,231.3 1 0
github.com/aasanchez/ocpp16types/chargingprofile.go:233.2,233.17 1 0
github.com/aasanchez/ocpp16types/chargingprofile.go:237.58,238.20 1 0
github.com/aasanchez/ocpp16types/chargingprofile.go:238.20,240.3 1 0
github.com/aasanchez/ocpp16types/chargingprofile.go:242.2,243.16 2 0
github.com/aasanchez/ocpp16types/chargingprofile.go:243.16,245.3 1 0
github.com/aasanchez/ocpp16types/chargingprofile.go:247.2,247.17 1 0
github.com/aasanchez/ocpp16types/chargingprofile.go:251.54,253.2 1 0
github.com/aasanchez/ocpp16types/chargingprofile.go:256.51,257.28 1 0
github.com/aasanchez/ocpp16types/chargingprofile.go:257.28,259.3 1 0
github.com/aasanchez/ocpp16types/chargingprofile.go:261.2,263.29 2 0
github.com/aasanchez/ocpp16types/chargingprofile.go:267.47,269.2 1 0
github.com/aasanchez/ocpp16types/chargingprofile.go:272.78,274.2 1 0
github.com/aasanchez/ocpp16types/chargingprofile.go:277.72,279.2 1 0
github.com/aasanchez/ocpp16types/chargingprofile.go:282.63,283.29 1 0
github.com/aasanchez/ocpp16types/chargingprofile.go:283.29,285.3 1 0
github.com/aasanchez/ocpp16types/chargingprofile.go:287.2,289.30 2 0
github.com/aasanchez/ocpp16types/chargingprofile.go:293.48,294.24 1 0
github.com/aasanchez/ocpp16types/chargingprofile.go:294.24,296.3 1 0
github.com/aasanchez/ocpp16types/chargingprofile.go:298.2,300.25 2 0
github.com/aasanchez/ocpp16types/chargingprofile.go:304.46,305.22 1 0
github.com/aasanchez/ocpp16types/chargingprofile.go:305.22,307.3 1 0
github.com/aasanchez/ocpp16types/chargingprofile.go:309.2,311.23 2 0
github.com/aasanchez/ocpp16types/chargingprofile.go:315.62,317.2 1 0
github.com/aasanchez/ocpp16types/chargingprofilekindtype.go:24.49,25.11 1 0
github.com/aasanchez/ocpp16types/chargingprofilekindtype.go:28.31,29.14 1 0
github.com/aasanchez/ocpp16types/chargingprofilekindtype.go:30.10,31.15 1 0
github.com/aasanchez/ocpp16types/chargingprofilekindtype.go:36.50,38.2 1 0
github.com/aasanchez/ocpp16types/chargingprofilepurposetype.go:21.52,22.11 1 0
github.com/aasanchez/ocpp16types/chargingprofilepurposetype.go:23.58,24.14 1 0
github.com/aasanchez/ocpp16types/chargingprofilepurposetype.go:25.10,26.15 1 0
github.com/aasanchez/ocpp16types/chargingprofilepurposetype.go:32.53,34.2 1 0
github.com/aasanchez/ocpp16types/chargingprofilestatus.go:24.47,25.11 1 0
github.com/aasanchez/ocpp16types/chargingprofilestatus.go:28.37,29.14 1 0
github.com/aasanchez/ocpp16types/chargingprofilestatus.go:30.10,31.15 1 0
github.com/aasanchez/ocpp16types/chargingprofilestatus.go:36.48,38.2 1 0
github.com/aasanchez/ocpp16types/chargingrateunit.go:19.42,20.11 1 0
github.com/aasanchez/ocpp16types/chargingrateunit.go:21.54,22.14 1 0
github.com/aasanchez/ocpp16types/chargingrateunit.go:23.10,24.15 1 0
github.com/aasanchez/ocpp16types/chargingrateunit.go:29.43,31.2 1 0
github.com/aasanchez/ocpp16types/chargingschedule.go:31.29,50.34 6 0
github.com/aasanchez/ocpp16types/chargingschedule.go:50.34,53.3 2 0
github.com/aasanchez/ocpp16types/chargingschedule.go:55.2,59.23 2 0
github.com/aasanchez/ocpp16types/chargingschedule.go:64.21,65.18 1 0
github.com/aasanchez/ocpp16types/chargingschedule.go:65.18,67.3 1 0
github.com/aasanchez/ocpp16types/chargingschedule.go:69.2,70.16 2 0
github.com/aasanchez/ocpp16types/chargingschedule.go:70.16,72.3 1 0
github.com/aasanchez/ocpp16types/chargingschedule.go:74.2,74.24 1 0
github.com/aasanchez/ocpp16types/chargingschedule.go:79.29,81.20 2 0
github.com/aasanchez/ocpp16types/chargingschedule.go:81.20,83.3 1 0
github.com/aasanchez/ocpp16types/chargingschedule.go:85.2,85.18 1 0
github.com/aasanchez/ocpp16types/chargingschedule.go:90.37,91.21 1 0
github.com/aasanchez/ocpp16types/chargingschedule.go:91.21,93.3 1 0
github.com/aasanchez/ocpp16types/chargingschedule.go:95.2,97.28 2 0
github.com/aasanchez/ocpp16types/chargingschedule.go:97.28,99.17 2 0
github.com/aasanchez/ocpp16types/chargingschedule.go:99.17,101.4 1 0
github.com/aasanchez/ocpp16types/chargingschedule.go:101.9,103.4 1 0
github.com/aasanchez/ocpp16types/chargingschedule.go:106.2,106.22 1 0
github.com/aasanchez/ocpp16types/chargingschedule.go:111.22,112.18 1 0
github.com/aasanchez/ocpp16types/chargingschedule.go:112.18,114.3 1 0
github.com/aasanchez/ocpp16types/chargingschedule.go:116.2,117.16 2 0
github.com/aasanchez/ocpp16types/chargingschedule.go:117.16,119.3 1 0
github.com/aasanchez/ocpp16types/chargingschedule.go:121.2,121.29 1 0
github.com/aasanchez/ocpp16types/chargingschedule.go:125.47,126.23 1 0
github.com/aasanchez/ocpp16types/chargingschedule.go:126.23,128.3 1 0
github.com/aasanchez/ocpp16types/chargingschedule.go:130.2,132.12 2 0
github.com/aasanchez/ocpp16types/chargingschedule.go:136.63,138.2 1 0
github.com/aasanchez/ocpp16types/chargingschedule.go:141.77,149.2 3 0
github.com/aasanchez/ocpp16types/chargingschedule.go:152.54,153.30 1 0
github.com/aasanchez/ocpp16types/chargingschedule.go:153.30,155.3 1 0
github.com/aasanchez/ocpp16types/chargingschedule.go:157.2,159.12 2 0
github.com/aasanchez/ocpp16types/chargingschedule.go:163.53,164.28 1 0
github.com/aasanchez/ocpp16types/chargingschedule.go:164.28,166.3 1 0
github.com/aasanchez/ocpp16types/chargingschedule.go:168.2,170.12 2 0
github.com/aasanchez/ocpp16types/chargingschedule.go:174.43,180.2 1 0
github.com/aasanchez/ocpp16types/chargingscheduleperiod.go:34.35,52.2 6 0
github.com/aasanchez/ocpp16types/chargingscheduleperiod.go:56.20,58.16 2 0
github.com/aasanchez/ocpp16types/chargingscheduleperiod.go:58.16,60.3 1 0
github.com/aasanchez/ocpp16types/chargingscheduleperiod.go:62.2,62.17 1 0
github.com/aasanchez/ocpp16types/chargingscheduleperiod.go:65.64,66.15 1 0
github.com/aasanchez/ocpp16types/chargingscheduleperiod.go:66.15,71.3 1 0
github.com/aasanchez/ocpp16types/chargingscheduleperiod.go:73.2,73.20 1 0
github.com/aasanchez/ocpp16types/chargingscheduleperiod.go:78.21,79.18 1 0
github.com/aasanchez/ocpp16types/chargingscheduleperiod.go:79.18,81.3 1 0
github.com/aasanchez/ocpp16types/chargingscheduleperiod.go:83.2,83.58 1 0
github.com/aasanchez/ocpp16types/chargingscheduleperiod.go:83.58,85.3 1 0
github.com/aasanchez/ocpp16types/chargingscheduleperiod.go:87.2,88.16 2 0
github.com/aasanchez/ocpp16types/chargingscheduleperiod.go:88.16,90.3 1 0
github.com/aasanchez/ocpp16types/chargingscheduleperiod.go:92.2,92.18 1 0
github.com/aasanchez/ocpp16types/chargingscheduleperiod.go:96.55,98.2 1 0
github.com/aasanchez/ocpp16types/chargingscheduleperiod.go:101.49,103.2 1 0
github.com/aasanchez/ocpp16types/chargingscheduleperiod.go:106.57,107.27 1 0
github.com/aasanchez/ocpp16types/chargingscheduleperiod.go:107.27,109.3 1 0
github.com/aasanchez/ocpp16types/chargingscheduleperiod.go:111.2,113.12 2 0
github.com/aasanchez/ocpp16types/chargingscheduleperiod.go:117.49,123.2 1 0
github.com/aasanchez/ocpp16types/cistring.go:36.62,37.31 1 1
github.com/aasanchez/ocpp16types/cistring.go:37.31,39.3 1 0
github.com/aasanchez/ocpp16types/cistring.go:41.2,41.25 1 1
github.com/aasanchez/ocpp16types/cistring.go:41.25,43.3 1 1
github.com/aasanchez/ocpp16types/cistring.go:45.2,45.27 1 1
github.com/aasanchez/ocpp16types/cistring.go:45.27,46.55 1 1
github.com/aasanchez/ocpp16types/cistring.go:46.55,48.4 1 0
github.com/aasanchez/ocpp16types/cistring.go:51.2,51.36 1 1
github.com/aasanchez/ocpp16types/cistring.go:60.62,62.16 2 1
github.com/aasanchez/ocpp16types/cistring.go:62.16,64.3 1 1
github.com/aasanchez/ocpp16types/cistring.go:66.2,66.39 1 1
github.com/aasanchez/ocpp16types/cistring.go:70.40,72.2 1 1
github.com/aasanchez/ocpp16types/cistring.go:75.41,77.2 1 1
github.com/aasanchez/ocpp16types/cistring.go:87.62,89.16 2 0
github.com/aasanchez/ocpp16types/cistring.go:89.16,91.3 1 0
github.com/aasanchez/ocpp16types/cistring.go:93.2,93.39 1 0
github.com/aasanchez/ocpp16types/cistring.go:97.40,99.2 1 0
github.com/aasanchez/ocpp16types/cistring.go:102.41,104.2 1 0
github.com/aasanchez/ocpp16types/cistring.go:114.62,116.16 2 0
github.com/aasanchez/ocpp16types/cistring.go:116.16,118.3 1 0
github.com/aasanchez/ocpp16types/cistring.go:120.2,120.39 1 0
github.com/aasanchez/ocpp16types/cistring.go:124.40,126.2 1 0
github.com/aasanchez/ocpp16types/cistring.go:129.41,131.2 1 0
github.com/aasanchez/ocpp16types/cistring.go:141.64,143.16 2 0
github.com/aasanchez/ocpp16types/cistring.go:143.16,145.3 1 0
github.com/aasanchez/ocpp16types/cistring.go:147.2,147.40 1 0
github.com/aasanchez/ocpp16types/cistring.go:151.41,153.2 1 0
github.com/aasanchez/ocpp16types/cistring.go:156.42,158.2 1 0
github.com/aasanchez/ocpp16types/cistring.go:168.64,170.16 2 0
github.com/aasanchez/ocpp16types/cistring.go:170.16,172.3 1 0
github.com/aasanchez/ocpp16types/cistring.go:174.2,174.40 1 0
github.com/aasanchez/ocpp16types/cistring.go:178.41,180.2 1 0
github.com/aasanchez/ocpp16types/cistring.go:183.42,185.2 1 0
github.com/aasanchez/ocpp16types/clearcachestatus.go:18.42,19.11 1 0
github.com/aasanchez/ocpp16types/clearcachestatus.go:21.28,22.14 1 0
github.com/aasanchez/ocpp16types/clearcachestatus.go:23.10,24.15 1 0
github.com/aasanchez/ocpp16types/clearcachestatus.go:29.43,31.2 1 0
github.com/aasanchez/ocpp16types/clearchargingprofilestatus.go:21.52,22.11 1 0
github.com/aasanchez/ocpp16types/clearchargingprofilestatus.go:24.37,25.14 1 0
github.com/aasanchez/ocpp16types/clearchargingprofilestatus.go:26.10,27.15 1 0
github.com/aasanchez/ocpp16types/clearchargingprofilestatus.go:32.53,34.2 1 0
github.com/aasanchez/ocpp16types/configurationstatus.go:25.45,26.11 1 0
github.com/aasanchez/ocpp16types/configurationstatus.go:30.35,31.14 1 0
github.com/aasanchez/ocpp16types/configurationstatus.go:32.10,33.15 1 0
github.com/aasanchez/ocpp16types/configurationstatus.go:38.46,40.2 1 0
github.com/aasanchez/ocpp16types/datatransferstatus.go:23.44,24.11 1 0
github.com/aasanchez/ocpp16types/datatransferstatus.go:28.35,29.14 1 0
github.com/aasanchez/ocpp16types/datatransferstatus.go:30.10,31.15 1 0
github.com/aasanchez/ocpp16types/datatransferstatus.go:36.45,38.2 1 0
github.com/aasanchez/ocpp16types/datetime.go:15.50,16.17 1 1
github.com/aasanchez/ocpp16types/datetime.go:16.17,18.3 1 0
github.com/aasanchez/ocpp16types/datetime.go:20.2,21.16 2 1
github.com/aasanchez/ocpp16types/datetime.go:21.16,23.3 1 1
github.com/aasanchez/ocpp16types/datetime.go:25.2,25.54 1 1
github.com/aasanchez/ocpp16types/datetime.go:25.54,27.3 1 0
github.com/aasanchez/ocpp16types/datetime.go:29.2,29.41 1 1
github.com/aasanchez/ocpp16types/datetime.go:33.37,35.2 1 0
github.com/aasanchez/ocpp16types/datetime.go:38.35,40.2 1 1
github.com/aasanchez/ocpp16types/diagnosticsstatus.go:24.43,25.11 1 0
github.com/aasanchez/ocpp16types/diagnosticsstatus.go:29.30,30.14 1 0
github.com/aasanchez/ocpp16types/diagnosticsstatus.go:31.10,32.15 1 0
github.com/aasanchez/ocpp16types/diagnosticsstatus.go:37.44,39.2 1 0
github.com/aasanchez/ocpp16types/firmwarestatus.go:31.40,32.11 1 0
github.com/aasanchez/ocpp16types/firmwarestatus.go:39.27,40.14 1 0
github.com/aasanchez/ocpp16types/firmwarestatus.go:41.10,42.15 1 0
github.com/aasanchez/ocpp16types/firmwarestatus.go:47.41,49.2 1 0
github.com/aasanchez/ocpp16types/getcompositeschedulestatus.go:21.52,22.11 1 0
github.com/aasanchez/ocpp16types/getcompositeschedulestatus.go:24.38,25.14 1 0
github.com/aasanchez/ocpp16types/getcompositeschedulestatus.go:26.10,27.15 1 0
github.com/aasanchez/ocpp16types/getcompositeschedulestatus.go:32.53,34.2 1 0
github.com/aasanchez/ocpp16types/idtaginfo.go:17.22,18.23 1 1
github.com/aasanchez/ocpp16types/idtaginfo.go:18.23,24.3 1 1
github.com/aasanchez/ocpp16types/idtaginfo.go:26.2,30.8 1 1
github.com/aasanchez/ocpp16types/idtaginfo.go:34.66,37.2 2 0
github.com/aasanchez/ocpp16types/idtaginfo.go:40.67,43.2 2 0
github.com/aasanchez/ocpp16types/idtaginfo.go:46.49,48.2 1 1
github.com/aasanchez/ocpp16types/idtaginfo.go:51.43,52.25 1 0
github.com/aasanchez/ocpp16types/idtaginfo.go:52.25,54.3 1 0
github.com/aasanchez/ocpp16types/idtaginfo.go:56.2,58.12 2 0
github.com/aasanchez/ocpp16types/idtaginfo.go:62.43,63.26 1 0
github.com/aasanchez/ocpp16types/idtaginfo.go:63.26,65.3 1 0
github.com/aasanchez/ocpp16types/idtaginfo.go:67.2,69.12 2 0
github.com/aasanchez/ocpp16types/idtaginfo.go:73.36,78.2 1 0
github.com/aasanchez/ocpp16types/idtoken.go:11.47,13.2 1 1
github.com/aasanchez/ocpp16types/idtoken.go:16.41,18.2 1 0
github.com/aasanchez/ocpp16types/idtoken.go:21.34,23.2 1 1
github.com/aasanchez/ocpp16types/integer.go:21.45,22.56 1 1
github.com/aasanchez/ocpp16types/integer.go:22.56,24.3 1 1
github.com/aasanchez/ocpp16types/integer.go:25.2,25.43 1 1
github.com/aasanchez/ocpp16types/integer.go:29.33,31.2 1 0
github.com/aasanchez/ocpp16types/integer.go:34.34,36.2 1 1
github.com/aasanchez/ocpp16types/keyvalue.go:32.57,36.16 3 0
github.com/aasanchez/ocpp16types/keyvalue.go:36.16,38.3 1 0
github.com/aasanchez/ocpp16types/keyvalue.go:40.2,42.24 2 0
github.com/aasanchez/ocpp16types/keyvalue.go:42.24,44.17 2 0
github.com/aasanchez/ocpp16types/keyvalue.go:44.17,46.4 1 0
github.com/aasanchez/ocpp16types/keyvalue.go:46.9,48.4 1 0
github.com/aasanchez/ocpp16types/keyvalue.go:51.2,51.30 1 0
github.com/aasanchez/ocpp16types/keyvalue.go:51.30,58.3 1 0
github.com/aasanchez/ocpp16types/keyvalue.go:60.2,64.8 1 0
github.com/aasanchez/ocpp16types/keyvalue.go:68.40,70.2 1 0
github.com/aasanchez/ocpp16types/keyvalue.go:73.35,75.2 1 0
github.com/aasanchez/ocpp16types/keyvalue.go:78.44,79.20 1 0
github.com/aasanchez/ocpp16types/keyvalue.go:79.20,81.3 1 0
github.com/aasanchez/ocpp16types/keyvalue.go:83.2,85.21 2 0
github.com/aasanchez/ocpp16types/listversionnumber.go:34.65,35.52 1 0
github.com/aasanchez/ocpp16types/listversionnumber.go:35.52,45.3 1 0
github.com/aasanchez/ocpp16types/listversionnumber.go:47.2,47.52 1 0
github.com/aasanchez/ocpp16types/listversionnumber.go:51.58,53.2 1 0
github.com/aasanchez/ocpp16types/listversionnumber.go:57.65,59.2 1 0
github.com/aasanchez/ocpp16types/listversionnumber.go:62.59,64.2 1 0
github.com/aasanchez/ocpp16types/listversionnumber.go:67.60,69.2 1 0
github.com/aasanchez/ocpp16types/location.go:24.34,25.11 1 0
github.com/aasanchez/ocpp16types/location.go:27.18,28.14 1 0
github.com/aasanchez/ocpp16types/location.go:29.10,30.15 1 0
github.com/aasanchez/ocpp16types/location.go:35.35,37.2 1 0
github.com/aasanchez/ocpp16types/measurand.go:65.35,66.11 1 0
github.com/aasanchez/ocpp16types/measurand.go:81.56,82.14 1 0
github.com/aasanchez/ocpp16types/measurand.go:83.10,84.15 1 0
github.com/aasanchez/ocpp16types/measurand.go:89.36,91.2 1 0
github.com/aasanchez/ocpp16types/messagetrigger.go:29.40,30.11 1 0
github.com/aasanchez/ocpp16types/messagetrigger.go:36.36,37.14 1 0
github.com/aasanchez/ocpp16types/messagetrigger.go:38.10,39.15 1 0
github.com/aasanchez/ocpp16types/messagetrigger.go:44.41,46.2 1 0
github.com/aasanchez/ocpp16types/metervalue.go:22.63,31.16 4 0
github.com/aasanchez/ocpp16types/metervalue.go:31.16,33.3 1 0
github.com/aasanchez/ocpp16types/metervalue.go:33.8,35.3 1 0
github.com/aasanchez/ocpp16types/metervalue.go:38.2,38.34 1 0
github.com/aasanchez/ocpp16types/metervalue.go:38.34,40.3 1 0
github.com/aasanchez/ocpp16types/metervalue.go:42.2,42.40 1 0
github.com/aasanchez/ocpp16types/metervalue.go:42.40,44.17 2 0
github.com/aasanchez/ocpp16types/metervalue.go:44.17,46.4 1 0
github.com/aasanchez/ocpp16types/metervalue.go:46.9,51.4 1 0
github.com/aasanchez/ocpp16types/metervalue.go:54.2,54.23 1 0
github.com/aasanchez/ocpp16types/metervalue.go:58.42,60.2 1 0
github.com/aasanchez/ocpp16types/metervalue.go:63.51,67.2 3 0
github.com/aasanchez/ocpp16types/metervalue.go:70.37,76.2 1 0
github.com/aasanchez/ocpp16types/phase.go:35.31,36.11 1 0
github.com/aasanchez/ocpp16types/phase.go:39.35,40.14 1 0
github.com/aasanchez/ocpp16types/phase.go:41.10,42.15 1 0
github.com/aasanchez/ocpp16types/phase.go:47.32,49.2 1 0
github.com/aasanchez/ocpp16types/readingcontext.go:33.40,34.11 1 0
github.com/aasanchez/ocpp16types/readingcontext.go:39.25,40.14 1 0
github.com/aasanchez/ocpp16types/readingcontext.go:41.10,42.15 1 0
github.com/aasanchez/ocpp16types/readingcontext.go:47.41,49.2 1 0
github.com/aasanchez/ocpp16types/recurrencykindtype.go:20.44,21.11 1 0
github.com/aasanchez/ocpp16types/recurrencykindtype.go:23.24,24.14 1 0
github.com/aasanchez/ocpp16types/recurrencykindtype.go:25.10,26.15 1 0
github.com/aasanchez/ocpp16types/recurrencykindtype.go:31.45,33.2 1 0
github.com/aasanchez/ocpp16types/registrationstatus.go:21.44,22.11 1 0
github.com/aasanchez/ocpp16types/registrationstatus.go:24.30,25.14 1 0
github.com/aasanchez/ocpp16types/registrationstatus.go:26.10,27.15 1 0
github.com/aasanchez/ocpp16types/registrationstatus.go:32.45,34.2 1 0
github.com/aasanchez/ocpp16types/remotestarttransactionstatus.go:22.54,23.11 1 0
github.com/aasanchez/ocpp16types/remotestarttransactionstatus.go:25.40,26.14 1 0
github.com/aasanchez/ocpp16types/remotestarttransactionstatus.go:27.10,28.15 1 0
github.com/aasanchez/ocpp16types/remotestarttransactionstatus.go:33.55,35.2 1 0
github.com/aasanchez/ocpp16types/remotestoptransactionstatus.go:22.53,23.11 1 0
github.com/aasanchez/ocpp16types/remotestoptransactionstatus.go:25.39,26.14 1 0
github.com/aasanchez/ocpp16types/remotestoptransactionstatus.go:27.10,28.15 1 0
github.com/aasanchez/ocpp16types/remotestoptransactionstatus.go:33.54,35.2 1 0
github.com/aasanchez/ocpp16types/reservationstatus.go:26.43,27.11 1 0
github.com/aasanchez/ocpp16types/reservationstatus.go:32.32,33.14 1 0
github.com/aasanchez/ocpp16types/reservationstatus.go:34.10,35.15 1 0
github.com/aasanchez/ocpp16types/reservationstatus.go:40.44,42.2 1 0
github.com/aasanchez/ocpp16types/resetstatus.go:18.37,19.11 1 0
github.com/aasanchez/ocpp16types/resetstatus.go:21.23,22.14 1 0
github.com/aasanchez/ocpp16types/resetstatus.go:23.10,24.15 1 0
github.com/aasanchez/ocpp16types/resetstatus.go:29.38,31.2 1 0
github.com/aasanchez/ocpp16types/resettype.go:18.35,19.11 1 0
github.com/aasanchez/ocpp16types/resettype.go:20.36,21.14 1 0
github.com/aasanchez/ocpp16types/resettype.go:22.10,23.15 1 0
github.com/aasanchez/ocpp16types/resettype.go:28.36,30.2 1 0
github.com/aasanchez/ocpp16types/sampledvalue.go:33.25,47.16 4 0
github.com/aasanchez/ocpp16types/sampledvalue.go:47.16,49.3 1 0
github.com/aasanchez/ocpp16types/sampledvalue.go:49.8,51.3 1 0
github.com/aasanchez/ocpp16types/sampledvalue.go:53.2,60.25 7 0
github.com/aasanchez/ocpp16types/sampledvalue.go:63.74,64.18 1 0
github.com/aasanchez/ocpp16types/sampledvalue.go:64.18,66.3 1 0
github.com/aasanchez/ocpp16types/sampledvalue.go:67.2,69.20 2 0
github.com/aasanchez/ocpp16types/sampledvalue.go:69.20,71.3 1 0
github.com/aasanchez/ocpp16types/sampledvalue.go:72.2,72.19 1 0
github.com/aasanchez/ocpp16types/sampledvalue.go:75.70,76.18 1 0
github.com/aasanchez/ocpp16types/sampledvalue.go:76.18,78.3 1 0
github.com/aasanchez/ocpp16types/sampledvalue.go:80.2,82.23 2 0
github.com/aasanchez/ocpp16types/sampledvalue.go:82.23,84.3 1 0
github.com/aasanchez/ocpp16types/sampledvalue.go:85.2,85.22 1 0
github.com/aasanchez/ocpp16types/sampledvalue.go:88.71,89.18 1 0
github.com/aasanchez/ocpp16types/sampledvalue.go:89.18,91.3 1 0
github.com/aasanchez/ocpp16types/sampledvalue.go:93.2,95.26 2 0
github.com/aasanchez/ocpp16types/sampledvalue.go:95.26,97.3 1 0
github.com/aasanchez/ocpp16types/sampledvalue.go:98.2,98.25 1 0
github.com/aasanchez/ocpp16types/sampledvalue.go:101.63,102.18 1 0
github.com/aasanchez/ocpp16types/sampledvalue.go:102.18,104.3 1 0
github.com/aasanchez/ocpp16types/sampledvalue.go:106.2,108.22 2 0
github.com/aasanchez/ocpp16types/sampledvalue.go:108.22,110.3 1 0
github.com/aasanchez/ocpp16types/sampledvalue.go:111.2,111.21 1 0
github.com/aasanchez/ocpp16types/sampledvalue.go:114.69,115.18 1 0
github.com/aasanchez/ocpp16types/sampledvalue.go:115.18,117.3 1 0
github.com/aasanchez/ocpp16types/sampledvalue.go:118.2,119.25 2 0
github.com/aasanchez/ocpp16types/sampledvalue.go:119.25,121.3 1 0
github.com/aasanchez/ocpp16types/sampledvalue.go:122.2,122.24 1 0
github.com/aasanchez/ocpp16types/sampledvalue.go:125.70,126.18 1 0
github.com/aasanchez/ocpp16types/sampledvalue.go:126.18,128.3 1 0
github.com/aasanchez/ocpp16types/sampledvalue.go:129.2,131.21 2 0
github.com/aasanchez/ocpp16types/sampledvalue.go:131.21,133.3 1 0
github.com/aasanchez/ocpp16types/sampledvalue.go:134.2,134.20 1 0
github.com/aasanchez/ocpp16types/sampledvalue.go:138.47,140.2 1 0
github.com/aasanchez/ocpp16types/sampledvalue.go:143.49,144.22 1 0
github.com/aasanchez/ocpp16types/sampledvalue.go:144.22,146.3 1 0
github.com/aasanchez/ocpp16types/sampledvalue.go:147.2,148.12 2 0
github.com/aasanchez/ocpp16types/sampledvalue.go:152.45,153.21 1 0
github.com/aasanchez/ocpp16types/sampledvalue.go:153.21,155.3 1 0
github.com/aasanchez/ocpp16types/sampledvalue.go:156.2,157.12 2 0
github.com/aasanchez/ocpp16types/sampledvalue.go:161.46,162.24 1 0
github.com/aasanchez/ocpp16types/sampledvalue.go:162.24,164.3 1 0
github.com/aasanchez/ocpp16types/sampledvalue.go:165.2,166.12 2 0
github.com/aasanchez/ocpp16types/sampledvalue.go:170.38,171.20 1 0
github.com/aasanchez/ocpp16types/sampledvalue.go:171.20,173.3 1 0
github.com/aasanchez/ocpp16types/sampledvalue.go:174.2,175.12 2 0
github.com/aasanchez/ocpp16types/sampledvalue.go:179.44,180.23 1 0
github.com/aasanchez/ocpp16types/sampledvalue.go:180.23,182.3 1 0
github.com/aasanchez/ocpp16types/sampledvalue.go:183.2,184.12 2 0
github.com/aasanchez/ocpp16types/sampledvalue.go:188.45,189.19 1 0
github.com/aasanchez/ocpp16types/sampledvalue.go:189.19,191.3 1 0
github.com/aasanchez/ocpp16types/sampledvalue.go:192.2,193.12 2 0
github.com/aasanchez/ocpp16types/sampledvalue.go:197.39,202.2 1 0
github.com/aasanchez/ocpp16types/stopreason.go:36.36,37.11 1 0
github.com/aasanchez/ocpp16types/stopreason.go:42.27,43.14 1 0
github.com/aasanchez/ocpp16types/stopreason.go:44.10,45.15 1 0
github.com/aasanchez/ocpp16types/stopreason.go:50.37,52.2 1 0
github.com/aasanchez/ocpp16types/triggermessagestatus.go:21.46,22.11 1 0
github.com/aasanchez/ocpp16types/triggermessagestatus.go:25.38,26.14 1 0
github.com/aasanchez/ocpp16types/triggermessagestatus.go:27.10,28.15 1 0
github.com/aasanchez/ocpp16types/triggermessagestatus.go:33.47,35.2 1 0
github.com/aasanchez/ocpp16types/unitofmeasure.go:48.39,49.11 1 0
github.com/aasanchez/ocpp16types/unitofmeasure.go:55.41,56.14 1 0
github.com/aasanchez/ocpp16types/unitofmeasure.go:57.10,58.15 1 0
github.com/aasanchez/ocpp16types/unitofmeasure.go:63.40,65.2 1 0
github.com/aasanchez/ocpp16types/unlockstatus.go:21.38,22.11 1 0
github.com/aasanchez/ocpp16types/unlockstatus.go:25.28,26.14 1 0
github.com/aasanchez/ocpp16types/unlockstatus.go:27.10,28.15 1 0
github.com/aasanchez/ocpp16types/unlockstatus.go:33.39,35.2 1 0
github.com/aasanchez/ocpp16types/updatestatus.go:25.38,26.11 1 0
github.com/aasanchez/ocpp16types/updatestatus.go:30.31,31.14 1 0
github.com/aasanchez/ocpp16types/updatestatus.go:32.10,33.15 1 0
github.com/aasanchez/ocpp16types/updatestatus.go:38.39,40.2 1 0
github.com/aasanchez/ocpp16types/updatetype.go:19.36,20.11 1 0
github.com/aasanchez/ocpp16types/updatetype.go:22.26,23.14 1 0
github.com/aasanchez/ocpp16types/updatetype.go:24.10,25.15 1 0
github.com/aasanchez/ocpp16types/updatetype.go:30.37,32.2 1 0
github.com/aasanchez/ocpp16types/valueformat.go:18.37,19.11 1 0
github.com/aasanchez/ocpp16types/valueformat.go:20.45,21.14 1 0
github.com/aasanchez/ocpp16types/valueformat.go:22.10,23.15 1 0
github.com/aasanchez/ocpp16types/valueformat.go:28.38,30.2 1 0
github.com/aasanchez/ocpp16types/authorizationdata.go:33.28,35.2 1 0
github.com/aasanchez/ocpp16types/authorizationdata.go:43.30,45.16 2 0
github.com/aasanchez/ocpp16types/authorizationdata.go:45.16,51.3 1 0
github.com/aasanchez/ocpp16types/authorizationdata.go:53.2,55.28 2 0
github.com/aasanchez/ocpp16types/authorizationdata.go:55.28,60.3 1 0
github.com/aasanchez/ocpp16types/authorizationdata.go:62.2,63.16 2 0
github.com/aasanchez/ocpp16types/authorizationdata.go:63.16,69.3 1 0
github.com/aasanchez/ocpp16types/authorizationdata.go:71.2,74.8 1 0
github.com/aasanchez/ocpp16types/authorizationdata.go:77.62,81.16 3 0
github.com/aasanchez/ocpp16types/authorizationdata.go:81.16,90.3 1 0
github.com/aasanchez/ocpp16types/authorizationdata.go:92.2,92.29 1 0
github.com/aasanchez/ocpp16types/authorizationdata.go:92.29,94.17 2 0
github.com/aasanchez/ocpp16types/authorizationdata.go:94.17,100.4 1 0
github.com/aasanchez/ocpp16types/authorizationdata.go:102.3,102.51 1 0
github.com/aasanchez/ocpp16types/authorizationdata.go:105.2,105.30 1 0
github.com/aasanchez/ocpp16types/authorizationdata.go:105.30,107.17 2 0
github.com/aasanchez/ocpp16types/authorizationdata.go:107.17,117.4 1 0
github.com/aasanchez/ocpp16types/authorizationdata.go:119.3,120.55 2 0
github.com/aasanchez/ocpp16types/authorizationdata.go:123.2,123.23 1 0
github.com/aasanchez/ocpp16types/authorizationstatus.go:25.45,26.11 1 1
github.com/aasanchez/ocpp16types/authorizationstatus.go:29.35,30.14 1 1
github.com/aasanchez/ocpp16types/authorizationstatus.go:31.10,32.15 1 1
github.com/aasanchez/ocpp16types/authorizationstatus.go:37.46,39.2 1 1
github.com/aasanchez/ocpp16types/availabilitystatus.go:22.44,23.11 1 0
github.com/aasanchez/ocpp16types/availabilitystatus.go:26.31,27.14 1 0
github.com/aasanchez/ocpp16types/availabilitystatus.go:28.10,29.15 1 0
github.com/aasanchez/ocpp16types/availabilitystatus.go:34.45,36.2 1 0
github.com/aasanchez/ocpp16types/availabilitytype.go:21.42,22.11 1 0
github.com/aasanchez/ocpp16types/availabilitytype.go:24.29,25.14 1 0
github.com/aasanchez/ocpp16types/availabilitytype.go:26.10,27.15 1 0
github.com/aasanchez/ocpp16types/availabilitytype.go:32.43,34.2 1 0
github.com/aasanchez/ocpp16types/cancelreservationstatus.go:18.49,19.11 1 0
github.com/aasanchez/ocpp16types/cancelreservationstatus.go:21.35,22.14 1 0
github.com/aasanchez/ocpp16types/cancelreservationstatus.go:23.10,24.15 1 0
github.com/aasanchez/ocpp16types/cancelreservationstatus.go:29.50,31.2 1 0
github.com/aasanchez/ocpp16types/chargepointerrorcode.go:47.46,48.11 1 1
github.com/aasanchez/ocpp16types/chargepointerrorcode.go:56.42,57.14 1 1
github.com/aasanchez/ocpp16types/chargepointerrorcode.go:58.10,59.15 1 1
github.com/aasanchez/ocpp16types/chargepointerrorcode.go:64.47,66.2 1 1
github.com/aasanchez/ocpp16types/chargepointstatus.go:34.43,35.11 1 1
github.com/aasanchez/ocpp16types/chargepointstatus.go:40.28,41.14 1 1
github.com/aasanchez/ocpp16types/chargepointstatus.go:42.10,43.15 1 1
github.com/aasanchez/ocpp16types/chargepointstatus.go:48.44,50.2 1 1
github.com/aasanchez/ocpp16types/chargingprofile.go:67.78,71.16 3 0
github.com/aasanchez/ocpp16types/chargingprofile.go:71.16,73.3 1 0
github.com/aasanchez/ocpp16types/chargingprofile.go:75.2,76.16 2 0
github.com/aasanchez/ocpp16types/chargingprofile.go:76.16,78.3 1 0
github.com/aasanchez/ocpp16types/chargingprofile.go:80.2,81.16 2 0
github.com/aasanchez/ocpp16types/chargingprofile.go:81.16,83.3 1 0
github.com/aasanchez/ocpp16types/chargingprofile.go:85.2,86.16 2 0
github.com/aasanchez/ocpp16types/chargingprofile.go:86.16,88.3 1 0
github.com/aasanchez/ocpp16types/chargingprofile.go:90.2,91.16 2 0
github.com/aasanchez/ocpp16types/chargingprofile.go:91.16,93.3 1 0
github.com/aasanchez/ocpp16types/chargingprofile.go:95.2,96.16 2 0
github.com/aasanchez/ocpp16types/chargingprofile.go:96.16,98.3 1 0
github.com/aasanchez/ocpp16types/chargingprofile.go:100.2,101.16 2 0
github.com/aasanchez/ocpp16types/chargingprofile.go:101.16,103.3 1 0
github.com/aasanchez/ocpp16types/chargingprofile.go:105.2,106.16 2 0
github.com/aasanchez/ocpp16types/chargingprofile.go:106.16,108.3 1 0
github.com/aasanchez/ocpp16types/chargingprofile.go:110.2,111.16 2 0
github.com/aasanchez/ocpp16types/chargingprofile.go:111.16,113.3 1 0
github.com/aasanchez/ocpp16types/chargingprofile.go:115.2,115.30 1 0
github.com/aasanchez/ocpp16types/chargingprofile.go:115.30,133.3 1 0
github.com/aasanchez/ocpp16types/chargingprofile.go:135.2,145.8 1 0
github.com/aasanchez/ocpp16types/chargingprofile.go:149.57,151.16 2 0
github.com/aasanchez/ocpp16types/chargingprofile.go:151.16,153.3 1 0
github.com/aasanchez/ocpp16types/chargingprofile.go:155.2,155.23 1 0
github.com/aasanchez/ocpp16types/chargingprofile.go:159.55,160.15 1 0
github.com/aasanchez/ocpp16types/chargingprofile.go:160.15,162.3 1 0
github.com/aasanchez/ocpp16types/chargingprofile.go:164.2,165.16 2 0
github.com/aasanchez/ocpp16types/chargingprofile.go:165.16,167.3 1 0
github.com/aasanchez/ocpp16types/chargingprofile.go:169.2,169.19 1 0
github.com/aasanchez/ocpp16types/chargingprofile.go:173.53,174.27 1 0
github.com/aasanchez/ocpp16types/chargingprofile.go:174.27,176.3 1 0
github.com/aasanchez/ocpp16types/chargingprofile.go:178.2,179.16 2 0
github.com/aasanchez/ocpp16types/chargingprofile.go:179.16,181.3 1 0
github.com/aasanchez/ocpp16types/chargingprofile.go:183.2,183.24 1 0
github.com/aasanchez/ocpp16types/chargingprofile.go:189.39,191.28 2 0
github.com/aasanchez/ocpp16types/chargingprofile.go:191.28,193.3 1 0
github.com/aasanchez/ocpp16types/chargingprofile.go:195.2,195.25 1 0
github.com/aasanchez/ocpp16types/chargingprofile.go:199.80,201.25 2 0
github.com/aasanchez/ocpp16types/chargingprofile.go:201.25,203.3 1 0
github.com/aasanchez/ocpp16types/chargingprofile.go:205.2,205.22 1 0
github.com/aasanchez/ocpp16types/chargingprofile.go:209.72,210.17 1 0
github.com/aasanchez/ocpp16types/chargingprofile.go:210.17,212.3 1 0
github.com/aasanchez/ocpp16types/chargingprofile.go:214.2,215.31 2 0
github.com/aasanchez/ocpp16types/chargingprofile.go:215.31,217.3 1 0
github.com/aasanchez/ocpp16types/chargingprofile.go:219.2,219.29 1 0
github.com/aasanchez/ocpp16types/chargingprofile.go:223.62,224.22 1 0
github.com/aasanchez/ocpp16types/chargingprofile.go:224.22,226.3 1 0
github.com/aasanchez/ocpp16types/chargingprofile.go:228.2,229.16 2 0
github.com/aasanchez/ocpp16types/chargingprofile.go:229.16,231.3 1 0
github.com/aasanchez/ocpp16types/chargingprofile.go:233.2,233.17 1 0
github.com/aasanchez/ocpp16types/chargingprofile.go:237.58,238.20 1 0
github.com/aasanchez/ocpp16types/chargingprofile.go:238.20,240.3 1 0
github.com/aasanchez/ocpp16types/chargingprofile.go:242.2,243.16 2 0
github.com/aasanchez/ocpp16types/chargingprofile.go:243.16,245.3 1 0
github.com/aasanchez/ocpp16types/chargingprofile.go:247.2,247.17 1 0
github.com/aasanchez/ocpp16types/chargingprofile.go:251.54,253.2 1 0
github.com/aasanchez/ocpp16types/chargingprofile.go:256.51,257.28 1 0
github.com/aasanchez/ocpp16types/chargingprofile.go:257.28,259.3 1 0
github.com/aasanchez/ocpp16types/chargingprofile.go:261.2,263.29 2 0
github.com/aasanchez/ocpp16types/chargingprofile.go:267.47,269.2 1 0
github.com/aasanchez/ocpp16types/chargingprofile.go:272.78,274.2 1 0
github.com/aasanchez/ocpp16types/chargingprofile.go:277.72,279.2 1 0
github.com/aasanchez/ocpp16types/chargingprofile.go:282.63,283.29 1 0
github.com/aasanchez/ocpp16types/chargingprofile.go:283.29,285.3 1 0
github.com/aasanchez/ocpp16types/chargingprofile.go:287.2,289.30 2 0
github.com/aasanchez/ocpp16types/chargingprofile.go:293.48,294.24 1 0
github.com/aasanchez/ocpp16types/chargingprofile.go:294.24,296.3 1 0
github.com/aasanchez/ocpp16types/chargingprofile.go:298.2,300.25 2 0
github.com/aasanchez/ocpp16types/chargingprofile.go:304.46,305.22 1 0
github.com/aasanchez/ocpp16types/chargingprofile.go:305.22,307.3 1 0
github.com/aasanchez/ocpp16types/chargingprofile.go:309.2,311.23 2 0
github.com/aasanchez/ocpp16types/chargingprofile.go:315.62,317.2 1 0
github.com/aasanchez/ocpp16types/chargingprofilekindtype.go:24.49,25.11 1 0
github.com/aasanchez/ocpp16types/chargingprofilekindtype.go:28.31,29.14 1 0
github.com/aasanchez/ocpp16types/chargingprofilekindtype.go:30.10,31.15 1 0
github.com/aasanchez/ocpp16types/chargingprofilekindtype.go:36.50,38.2 1 0
github.com/aasanchez/ocpp16types/chargingprofilepurposetype.go:21.52,22.11 1 1
github.com/aasanchez/ocpp16types/chargingprofilepurposetype.go:23.58,24.14 1 1
github.com/aasanchez/ocpp16types/chargingprofilepurposetype.go:25.10,26.15 1 1
github.com/aasanchez/ocpp16types/chargingprofilepurposetype.go:32.53,34.2 1 1
github.com/aasanchez/ocpp16types/chargingprofilestatus.go:24.47,25.11 1 0
github.com/aasanchez/ocpp16types/chargingprofilestatus.go:28.37,29.14 1 0
github.com/aasanchez/ocpp16types/chargingprofilestatus.go:30.10,31.15 1 0
github.com/aasanchez/ocpp16types/chargingprofilestatus.go:36.48,38.2 1 0
github.com/aasanchez/ocpp16types/chargingrateunit.go:19.42,20.11 1 1
github.com/aasanchez/ocpp16types/chargingrateunit.go:21.54,22.14 1 1
github.com/aasanchez/ocpp16types/chargingrateunit.go:23.10,24.15 1 1
github.com/aasanchez/ocpp16types/chargingrateunit.go:29.43,31.2 1 1
github.com/aasanchez/ocpp16types/chargingschedule.go:31.29,50.34 6 1
github.com/aasanchez/ocpp16types/chargingschedule.go:50.34,53.3 2 1
github.com/aasanchez/ocpp16types/chargingschedule.go:55.2,59.23 2 1
github.com/aasanchez/ocpp16types/chargingschedule.go:64.21,65.18 1 1
github.com/aasanchez/ocpp16types/chargingschedule.go:65.18,67.3 1 1
github.com/aasanchez/ocpp16types/chargingschedule.go:69.2,70.16 2 1
github.com/aasanchez/ocpp16types/chargingschedule.go:70.16,72.3 1 0
github.com/aasanchez/ocpp16types/chargingschedule.go:74.2,74.24 1 1
github.com/aasanchez/ocpp16types/chargingschedule.go:79.29,81.20 2 1
github.com/aasanchez/ocpp16types/chargingschedule.go:81.20,83.3 1 1
github.com/aasanchez/ocpp16types/chargingschedule.go:85.2,85.18 1 1
github.com/aasanchez/ocpp16types/chargingschedule.go:90.37,91.21 1 1
github.com/aasanchez/ocpp16types/chargingschedule.go:91.21,93.3 1 1
github.com/aasanchez/ocpp16types/chargingschedule.go:95.2,97.28 2 1
github.com/aasanchez/ocpp16types/chargingschedule.go:97.28,99.17 2 1
github.com/aasanchez/ocpp16types/chargingschedule.go:99.17,101.4 1 0
github.com/aasanchez/ocpp16types/chargingschedule.go:101.9,103.4 1 1
github.com/aasanchez/ocpp16types/chargingschedule.go:106.2,106.22 1 1
github.com/aasanchez/ocpp16types/chargingschedule.go:111.22,112.18 1 1
github.com/aasanchez/ocpp16types/chargingschedule.go:112.18,114.3 1 1
github.com/aasanchez/ocpp16types/chargingschedule.go:116.2,117.16 2 1
github.com/aasanchez/ocpp16types/chargingschedule.go:117.16,119.3 1 0
github.com/aasanchez/ocpp16types/chargingschedule.go:121.2,121.29 1 1
github.com/aasanchez/ocpp16types/chargingschedule.go:125.47,126.23 1 1
github.com/aasanchez/ocpp16types/chargingschedule.go:126.23,128.3 1 1
github.com/aasanchez/ocpp16types/chargingschedule.go:130.2,132.12 2 1
github.com/aasanchez/ocpp16types/chargingschedule.go:136.63,138.2 1 1
github.com/aasanchez/ocpp16types/chargingschedule.go:141.77,149.2 3 1
github.com/aasanchez/ocpp16types/chargingschedule.go:152.54,153.30 1 1
github.com/aasanchez/ocpp16types/chargingschedule.go:153.30,155.3 1 1
github.com/aasanchez/ocpp16types/chargingschedule.go:157.2,159.12 2 1
github.com/aasanchez/ocpp16types/chargingschedule.go:163.53,164.28 1 1
github.com/aasanchez/ocpp16types/chargingschedule.go:164.28,166.3 1 1
github.com/aasanchez/ocpp16types/chargingschedule.go:168.2,170.12 2 1
github.com/aasanchez/ocpp16types/chargingschedule.go:174.43,180.2 1 1
github.com/aasanchez/ocpp16types/chargingscheduleperiod.go:34.35,52.2 6 1
github.com/aasanchez/ocpp16types/chargingscheduleperiod.go:56.20,58.16 2 1
github.com/aasanchez/ocpp16types/chargingscheduleperiod.go:58.16,60.3 1 1
github.com/aasanchez/ocpp16types/chargingscheduleperiod.go:62.2,62.17 1 1
github.com/aasanchez/ocpp16types/chargingscheduleperiod.go:65.64,66.15 1 1
github.com/aasanchez/ocpp16types/chargingscheduleperiod.go:66.15,71.3 1 0
github.com/aasanchez/ocpp16types/chargingscheduleperiod.go:73.2,73.20 1 1
github.com/aasanchez/ocpp16types/chargingscheduleperiod.go:78.21,79.18 1 1
github.com/aasanchez/ocpp16types/chargingscheduleperiod.go:79.18,81.3 1 1
github.com/aasanchez/ocpp16types/chargingscheduleperiod.go:83.2,83.58 1 1
github.com/aasanchez/ocpp16types/chargingscheduleperiod.go:83.58,85.3 1 1
github.com/aasanchez/ocpp16types/chargingscheduleperiod.go:87.2,88.16 2 1
github.com/aasanchez/ocpp16types/chargingscheduleperiod.go:88.16,90.3 1 0
github.com/aasanchez/ocpp16types/chargingscheduleperiod.go:92.2,92.18 1 1
github.com/aasanchez/ocpp16types/chargingscheduleperiod.go:96.55,98.2 1 1
github.com/aasanchez/ocpp16types/chargingscheduleperiod.go:101.49,103.2 1 1
github.com/aasanchez/ocpp16types/chargingscheduleperiod.go:106.57,107.27 1 1
github.com/aasanchez/ocpp16types/chargingscheduleperiod.go:107.27,109.3 1 1
github.com/aasanchez/ocpp16types/chargingscheduleperiod.go:111.2,113.12 2 1
github.com/aasanchez/ocpp16types/chargingscheduleperiod.go:117.49,123.2 1 1
github.com/aasanchez/ocpp16types/cistring.go:36.62,37.31 1 1
github.com/aasanchez/ocpp16types/cistring.go:37.31,39.3 1 1
github.com/aasanchez/ocpp16types/cistring.go:41.2,41.25 1 1
github.com/aasanchez/ocpp16types/cistring.go:41.25,43.3 1 1
github.com/aasanchez/ocpp16types/cistring.go:45.2,45.27 1 1
github.com/aasanchez/ocpp16types/cistring.go:45.27,46.55 1 1
github.com/aasanchez/ocpp16types/cistring.go:46.55,48.4 1 0
github.com/aasanchez/ocpp16types/cistring.go:51.2,51.36 1 1
github.com/aasanchez/ocpp16types/cistring.go:60.62,62.16 2 1
github.com/aasanchez/ocpp16types/cistring.go:62.16,64.3 1 1
github.com/aasanchez/ocpp16types/cistring.go:66.2,66.39 1 1
github.com/aasanchez/ocpp16types/cistring.go:70.40,72.2 1 1
github.com/aasanchez/ocpp16types/cistring.go:75.41,77.2 1 1
github.com/aasanchez/ocpp16types/cistring.go:87.62,89.16 2 1
github.com/aasanchez/ocpp16types/cistring.go:89.16,91.3 1 1
github.com/aasanchez/ocpp16types/cistring.go:93.2,93.39 1 1
github.com/aasanchez/ocpp16types/cistring.go:97.40,99.2 1 1
github.com/aasanchez/ocpp16types/cistring.go:102.41,104.2 1 1
github.com/aasanchez/ocpp16types/cistring.go:114.62,116.16 2 1
github.com/aasanchez/ocpp16types/cistring.go:116.16,118.3 1 1
github.com/aasanchez/ocpp16types/cistring.go:120.2,120.39 1 1
github.com/aasanchez/ocpp16types/cistring.go:124.40,126.2 1 1
github.com/aasanchez/ocpp16types/cistring.go:129.41,131.2 1 1
github.com/aasanchez/ocpp16types/cistring.go:141.64,143.16 2 1
github.com/aasanchez/ocpp16types/cistring.go:143.16,145.3 1 1
github.com/aasanchez/ocpp16types/cistring.go:147.2,147.40 1 1
github.com/aasanchez/ocpp16types/cistring.go:151.41,153.2 1 1
github.com/aasanchez/ocpp16types/cistring.go:156.42,158.2 1 1
github.com/aasanchez/ocpp16types/cistring.go:168.64,170.16 2 1
github.com/aasanchez/ocpp16types/cistring.go:170.16,172.3 1 1
github.com/aasanchez/ocpp16types/cistring.go:174.2,174.40 1 1
github.com/aasanchez/ocpp16types/cistring.go:178.41,180.2 1 1
github.com/aasanchez/ocpp16types/cistring.go:183.42,185.2 1 1
github.com/aasanchez/ocpp16types/clearcachestatus.go:18.42,19.11 1 0
github.com/aasanchez/ocpp16types/clearcachestatus.go:21.28,22.14 1 0
github.com/aasanchez/ocpp16types/clearcachestatus.go:23.10,24.15 1 0
github.com/aasanchez/ocpp16types/clearcachestatus.go:29.43,31.2 1 0
github.com/aasanchez/ocpp16types/clearchargingprofilestatus.go:21.52,22.11 1 0
github.com/aasanchez/ocpp16types/clearchargingprofilestatus.go:24.37,25.14 1 0
github.com/aasanchez/ocpp16types/clearchargingprofilestatus.go:26.10,27.15 1 0
github.com/aasanchez/ocpp16types/clearchargingprofilestatus.go:32.53,34.2 1 0
github.com/aasanchez/ocpp16types/configurationstatus.go:25.45,26.11 1 0
github.com/aasanchez/ocpp16types/configurationstatus.go:30.35,31.14 1 0
github.com/aasanchez/ocpp16types/configurationstatus.go:32.10,33.15 1 0
github.com/aasanchez/ocpp16types/configurationstatus.go:38.46,40.2 1 0
github.com/aasanchez/ocpp16types/datatransferstatus.go:23.44,24.11 1 0
github.com/aasanchez/ocpp16types/datatransferstatus.go:28.35,29.14 1 0
github.com/aasanchez/ocpp16types/datatransferstatus.go:30.10,31.15 1 0
github.com/aasanchez/ocpp16types/datatransferstatus.go:36.45,38.2 1 0
github.com/aasanchez/ocpp16types/datetime.go:15.50,16.17 1 1
github.com/aasanchez/ocpp16types/datetime.go:16.17,18.3 1 1
github.com/aasanchez/ocpp16types/datetime.go:20.2,21.16 2 1
github.com/aasanchez/ocpp16types/datetime.go:21.16,23.3 1 1
github.com/aasanchez/ocpp16types/datetime.go:25.2,25.54 1 1
github.com/aasanchez/ocpp16types/datetime.go:25.54,27.3 1 1
github.com/aasanchez/ocpp16types/datetime.go:29.2,29.41 1 1
github.com/aasanchez/ocpp16types/datetime.go:33.37,35.2 1 0
github.com/aasanchez/ocpp16types/datetime.go:38.35,40.2 1 1
github.com/aasanchez/ocpp16types/diagnosticsstatus.go:24.43,25.11 1 0
github.com/aasanchez/ocpp16types/diagnosticsstatus.go:29.30,30.14 1 0
github.com/aasanchez/ocpp16types/diagnosticsstatus.go:31.10,32.15 1 0
github.com/aasanchez/ocpp16types/diagnosticsstatus.go:37.44,39.2 1 0
github.com/aasanchez/ocpp16types/firmwarestatus.go:31.40,32.11 1 0
github.com/aasanchez/ocpp16types/firmwarestatus.go:39.27,40.14 1 0
github.com/aasanchez/ocpp16types/firmwarestatus.go:41.10,42.15 1 0
github.com/aasanchez/ocpp16types/firmwarestatus.go:47.41,49.2 1 0
github.com/aasanchez/ocpp16types/getcompositeschedulestatus.go:21.52,22.11 1 0
github.com/aasanchez/ocpp16types/getcompositeschedulestatus.go:24.38,25.14 1 0
github.com/aasanchez/ocpp16types/getcompositeschedulestatus.go:26.10,27.15 1 0
github.com/aasanchez/ocpp16types/getcompositeschedulestatus.go:32.53,34.2 1 0
github.com/aasanchez/ocpp16types/idtaginfo.go:17.22,18.23 1 1
github.com/aasanchez/ocpp16types/idtaginfo.go:18.23,24.3 1 1
github.com/aasanchez/ocpp16types/idtaginfo.go:26.2,30.8 1 1
github.com/aasanchez/ocpp16types/idtaginfo.go:34.66,37.2 2 1
github.com/aasanchez/ocpp16types/idtaginfo.go:40.67,43.2 2 1
github.com/aasanchez/ocpp16types/idtaginfo.go:46.49,48.2 1 1
github.com/aasanchez/ocpp16types/idtaginfo.go:51.43,52.25 1 1
github.com/aasanchez/ocpp16types/idtaginfo.go:52.25,54.3 1 1
github.com/aasanchez/ocpp16types/idtaginfo.go:56.2,58.12 2 1
github.com/aasanchez/ocpp16types/idtaginfo.go:62.43,63.26 1 1
github.com/aasanchez/ocpp16types/idtaginfo.go:63.26,65.3 1 1
github.com/aasanchez/ocpp16types/idtaginfo.go:67.2,69.12 2 1
github.com/aasanchez/ocpp16types/idtaginfo.go:73.36,78.2 1 1
github.com/aasanchez/ocpp16types/idtoken.go:11.47,13.2 1 1
github.com/aasanchez/ocpp16types/idtoken.go:16.41,18.2 1 1
github.com/aasanchez/ocpp16types/idtoken.go:21.34,23.2 1 1
github.com/aasanchez/ocpp16types/integer.go:21.45,22.56 1 1
github.com/aasanchez/ocpp16types/integer.go:22.56,24.3 1 1
github.com/aasanchez/ocpp16types/integer.go:25.2,25.43 1 1
github.com/aasanchez/ocpp16types/integer.go:29.33,31.2 1 1
github.com/aasanchez/ocpp16types/integer.go:34.34,36.2 1 1
github.com/aasanchez/ocpp16types/keyvalue.go:32.57,36.16 3 0
github.com/aasanchez/ocpp16types/keyvalue.go:36.16,38.3 1 0
github.com/aasanchez/ocpp16types/keyvalue.go:40.2,42.24 2 0
github.com/aasanchez/ocpp16types/keyvalue.go:42.24,44.17 2 0
github.com/aasanchez/ocpp16types/keyvalue.go:44.17,46.4 1 0
github.com/aasanchez/ocpp16types/keyvalue.go:46.9,48.4 1 0
github.com/aasanchez/ocpp16types/keyvalue.go:51.2,51.30 1 0
github.com/aasanchez/ocpp16types/keyvalue.go:51.30,58.3 1 0
github.com/aasanchez/ocpp16types/keyvalue.go:60.2,64.8 1 0
github.com/aasanchez/ocpp16types/keyvalue.go:68.40,70.2 1 0
github.com/aasanchez/ocpp16types/keyvalue.go:73.35,75.2 1 0
github.com/aasanchez/ocpp16types/keyvalue.go:78.44,79.20 1 0
github.com/aasanchez/ocpp16types/keyvalue.go:79.20,81.3 1 0
github.com/aasanchez/ocpp16types/keyvalue.go:83.2,85.21 2 0
github.com/aasanchez/ocpp16types/listversionnumber.go:34.65,35.52 1 0
github.com/aasanchez/ocpp16types/listversionnumber.go:35.52,45.3 1 0
github.com/aasanchez/ocpp16types/listversionnumber.go:47.2,47.52 1 0
github.com/aasanchez/ocpp16types/listversionnumber.go:51.58,53.2 1 0
github.com/aasanchez/ocpp16types/listversionnumber.go:57.65,59.2 1 0
github.com/aasanchez/ocpp16types/listversionnumber.go:62.59,64.2 1 0
github.com/aasanchez/ocpp16types/listversionnumber.go:67.60,69.2 1 0
github.com/aasanchez/ocpp16types/location.go:24.34,25.11 1 1
github.com/aasanchez/ocpp16types/location.go:27.18,28.14 1 1
github.com/aasanchez/ocpp16types/location.go:29.10,30.15 1 1
github.com/aasanchez/ocpp16types/location.go:35.35,37.2 1 1
github.com/aasanchez/ocpp16types/measurand.go:65.35,66.11 1 1
github.com/aasanchez/ocpp16types/measurand.go:81.56,82.14 1 1
github.com/aasanchez/ocpp16types/measurand.go:83.10,84.15 1 1
github.com/aasanchez/ocpp16types/measurand.go:89.36,91.2 1 1
github.com/aasanchez/ocpp16types/messagetrigger.go:29.40,30.11 1 0
github.com/aasanchez/ocpp16types/messagetrigger.go:36.36,37.14 1 0
github.com/aasanchez/ocpp16types/messagetrigger.go:38.10,39.15 1 0
github.com/aasanchez/ocpp16types/messagetrigger.go:44.41,46.2 1 0
github.com/aasanchez/ocpp16types/metervalue.go:22.63,31.16 4 1
github.com/aasanchez/ocpp16types/metervalue.go:31.16,33.3 1 1
github.com/aasanchez/ocpp16types/metervalue.go:33.8,35.3 1 1
github.com/aasanchez/ocpp16types/metervalue.go:38.2,38.34 1 1
github.com/aasanchez/ocpp16types/metervalue.go:38.34,40.3 1 1
github.com/aasanchez/ocpp16types/metervalue.go:42.2,42.40 1 1
github.com/aasanchez/ocpp16types/metervalue.go:42.40,44.17 2 1
github.com/aasanchez/ocpp16types/metervalue.go:44.17,46.4 1 0
github.com/aasanchez/ocpp16types/metervalue.go:46.9,51.4 1 1
github.com/aasanchez/ocpp16types/metervalue.go:54.2,54.23 1 1
github.com/aasanchez/ocpp16types/metervalue.go:58.42,60.2 1 1
github.com/aasanchez/ocpp16types/metervalue.go:63.51,67.2 3 1
github.com/aasanchez/ocpp16types/metervalue.go:70.37,76.2 1 1
github.com/aasanchez/ocpp16types/phase.go:35.31,36.11 1 1
github.com/aasanchez/ocpp16types/phase.go:39.35,40.14 1 1
github.com/aasanchez/ocpp16types/phase.go:41.10,42.15 1 1
github.com/aasanchez/ocpp16types/phase.go:47.32,49.2 1 1
github.com/aasanchez/ocpp16types/readingcontext.go:33.40,34.11 1 1
github.com/aasanchez/ocpp16types/readingcontext.go:39.25,40.14 1 1
github.com/aasanchez/ocpp16types/readingcontext.go:41.10,42.15 1 1
github.com/aasanchez/ocpp16types/readingcontext.go:47.41,49.2 1 1
github.com/aasanchez/ocpp16types/recurrencykindtype.go:20.44,21.11 1 0
github.com/aasanchez/ocpp16types/recurrencykindtype.go:23.24,24.14 1 0
github.com/aasanchez/ocpp16types/recurrencykindtype.go:25.10,26.15 1 0
github.com/aasanchez/ocpp16types/recurrencykindtype.go:31.45,33.2 1 0
github.com/aasanchez/ocpp16types/registrationstatus.go:21.44,22.11 1 1
github.com/aasanchez/ocpp16types/registrationstatus.go:24.30,25.14 1 1
github.com/aasanchez/ocpp16types/registrationstatus.go:26.10,27.15 1 1
github.com/aasanchez/ocpp16types/registrationstatus.go:32.45,34.2 1 1
github.com/aasanchez/ocpp16types/remotestarttransactionstatus.go:22.54,23.11 1 0
github.com/aasanchez/ocpp16types/remotestarttransactionstatus.go:25.40,26.14 1 0
github.com/aasanchez/ocpp16types/remotestarttransactionstatus.go:27.10,28.15 1 0
github.com/aasanchez/ocpp16types/remotestarttransactionstatus.go:33.55,35.2 1 0
github.com/aasanchez/ocpp16types/remotestoptransactionstatus.go:22.53,23.11 1 0
github.com/aasanchez/ocpp16types/remotestoptransactionstatus.go:25.39,26.14 1 0
github.com/aasanchez/ocpp16types/remotestoptransactionstatus.go:27.10,28.15 1 0
github.com/aasanchez/ocpp16types/remotestoptransactionstatus.go:33.54,35.2 1 0
github.com/aasanchez/ocpp16types/reservationstatus.go:26.43,27.11 1 0
github.com/aasanchez/ocpp16types/reservationstatus.go:32.32,33.14 1 0
github.com/aasanchez/ocpp16types/reservationstatus.go:34.10,35.15 1 0
github.com/aasanchez/ocpp16types/reservationstatus.go:40.44,42.2 1 0
github.com/aasanchez/ocpp16types/resetstatus.go:18.37,19.11 1 0
github.com/aasanchez/ocpp16types/resetstatus.go:21.23,22.14 1 0
github.com/aasanchez/ocpp16types/resetstatus.go:23.10,24.15 1 0
github.com/aasanchez/ocpp16types/resetstatus.go:29.38,31.2 1 0
github.com/aasanchez/ocpp16types/resettype.go:18.35,19.11 1 0
github.com/aasanchez/ocpp16types/resettype.go:20.36,21.14 1 0
github.com/aasanchez/ocpp16types/resettype.go:22.10,23.15 1 0
github.com/aasanchez/ocpp16types/resettype.go:28.36,30.2 1 0
github.com/aasanchez/ocpp16types/sampledvalue.go:33.25,47.16 4 1
github.com/aasanchez/ocpp16types/sampledvalue.go:47.16,49.3 1 1
github.com/aasanchez/ocpp16types/sampledvalue.go:49.8,51.3 1 1
github.com/aasanchez/ocpp16types/sampledvalue.go:53.2,60.25 7 1
github.com/aasanchez/ocpp16types/sampledvalue.go:63.74,64.18 1 1
github.com/aasanchez/ocpp16types/sampledvalue.go:64.18,66.3 1 1
github.com/aasanchez/ocpp16types/sampledvalue.go:67.2,69.20 2 1
github.com/aasanchez/ocpp16types/sampledvalue.go:69.20,71.3 1 1
github.com/aasanchez/ocpp16types/sampledvalue.go:72.2,72.19 1 1
github.com/aasanchez/ocpp16types/sampledvalue.go:75.70,76.18 1 1
github.com/aasanchez/ocpp16types/sampledvalue.go:76.18,78.3 1 1
github.com/aasanchez/ocpp16types/sampledvalue.go:80.2,82.23 2 1
github.com/aasanchez/ocpp16types/sampledvalue.go:82.23,84.3 1 1
github.com/aasanchez/ocpp16types/sampledvalue.go:85.2,85.22 1 1
github.com/aasanchez/ocpp16types/sampledvalue.go:88.71,89.18 1 1
github.com/aasanchez/ocpp16types/sampledvalue.go:89.18,91.3 1 1
github.com/aasanchez/ocpp16types/sampledvalue.go:93.2,95.26 2 1
github.com/aasanchez/ocpp16types/sampledvalue.go:95.26,97.3 1 0
github.com/aasanchez/ocpp16types/sampledvalue.go:98.2,98.25 1 1
github.com/aasanchez/ocpp16types/sampledvalue.go:101.63,102.18 1 1
github.com/aasanchez/ocpp16types/sampledvalue.go:102.18,104.3 1 1
github.com/aasanchez/ocpp16types/sampledvalue.go:106.2,108.22 2 1
github.com/aasanchez/ocpp16types/sampledvalue.go:108.22,110.3 1 0
github.com/aasanchez/ocpp16types/sampledvalue.go:111.2,111.21 1 1
github.com/aasanchez/ocpp16types/sampledvalue.go:114.69,115.18 1 1
github.com/aasanchez/ocpp16types/sampledvalue.go:115.18,117.3 1 1
github.com/aasanchez/ocpp16types/sampledvalue.go:118.2,119.25 2 1
github.com/aasanchez/ocpp16types/sampledvalue.go:119.25,121.3 1 0
github.com/aasanchez/ocpp16types/sampledvalue.go:122.2,122.24 1 1
github.com/aasanchez/ocpp16types/sampledvalue.go:125.70,126.18 1 1
github.com/aasanchez/ocpp16types/sampledvalue.go:126.18,128.3 1 1
github.com/aasanchez/ocpp16types/sampledvalue.go:129.2,131.21 2 1
github.com/aasanchez/ocpp16types/sampledvalue.go:131.21,133.3 1 0
github.com/aasanchez/ocpp16types/sampledvalue.go:134.2,134.20 1 1
github.com/aasanchez/ocpp16types/sampledvalue.go:138.47,140.2 1 0
github.com/aasanchez/ocpp16types/sampledvalue.go:143.49,144.22 1 1
github.com/aasanchez/ocpp16types/sampledvalue.go:144.22,146.3 1 1
github.com/aasanchez/ocpp16types/sampledvalue.go:147.2,148.12 2 1
github.com/aasanchez/ocpp16types/sampledvalue.go:152.45,153.21 1 1
github.com/aasanchez/ocpp16types/sampledvalue.go:153.21,155.3 1 1
github.com/aasanchez/ocpp16types/sampledvalue.go:156.2,157.12 2 1
github.com/aasanchez/ocpp16types/sampledvalue.go:161.46,162.24 1 1
github.com/aasanchez/ocpp16types/sampledvalue.go:162.24,164.3 1 1
github.com/aasanchez/ocpp16types/sampledvalue.go:165.2,166.12 2 1
github.com/aasanchez/ocpp16types/sampledvalue.go:170.38,171.20 1 1
github.com/aasanchez/ocpp16types/sampledvalue.go:171.20,173.3 1 1
github.com/aasanchez/ocpp16types/sampledvalue.go:174.2,175.12 2 1
github.com/aasanchez/ocpp16types/sampledvalue.go:179.44,180.23 1 1
github.com/aasanchez/ocpp16types/sampledvalue.go:180.23,182.3 1 1
github.com/aasanchez/ocpp16types/sampledvalue.go:183.2,184.12 2 1
github.com/aasanchez/ocpp16types/sampledvalue.go:188.45,189.19 1 1
github.com/aasanchez/ocpp16types/sampledvalue.go:189.19,191.3 1 1
github.com/aasanchez/ocpp16types/sampledvalue.go:192.2,193.12 2 1
github.com/aasanchez/ocpp16types/sampledvalue.go:197.39,202.2 1 1
github.com/aasanchez/ocpp16types/stopreason.go:36.36,37.11 1 1
github.com/aasanchez/ocpp16types/stopreason.go:42.27,43.14 1 1
github.com/aasanchez/ocpp16types/stopreason.go:44.10,45.15 1 1
github.com/aasanchez/ocpp16types/stopreason.go:50.37,52.2 1 1
github.com/aasanchez/ocpp16types/triggermessagestatus.go:21.46,22.11 1 0
github.com/aasanchez/ocpp16types/triggermessagestatus.go:25.38,26.14 1 0
github.com/aasanchez/ocpp16types/triggermessagestatus.go:27.10,28.15 1 0
github.com/aasanchez/ocpp16types/triggermessagestatus.go:33.47,35.2 1 0
github.com/aasanchez/ocpp16types/unitofmeasure.go:48.39,49.11 1 1
github.com/aasanchez/ocpp16types/unitofmeasure.go:55.41,56.14 1 1
github.com/aasanchez/ocpp16types/unitofmeasure.go:57.10,58.15 1 1
github.com/aasanchez/ocpp16types/unitofmeasure.go:63.40,65.2 1 1
github.com/aasanchez/ocpp16types/unlockstatus.go:21.38,22.11 1 0
github.com/aasanchez/ocpp16types/unlockstatus.go:25.28,26.14 1 0
github.com/aasanchez/ocpp16types/unlockstatus.go:27.10,28.15 1 0
github.com/aasanchez/ocpp16types/unlockstatus.go:33.39,35.2 1 0
github.com/aasanchez/ocpp16types/updatestatus.go:25.38,26.11 1 0
github.com/aasanchez/ocpp16types/updatestatus.go:30.31,31.14 1 0
github.com/aasanchez/ocpp16types/updatestatus.go:32.10,33.15 1 0
github.com/aasanchez/ocpp16types/updatestatus.go:38.39,40.2 1 0
github.com/aasanchez/ocpp16types/updatetype.go:19.36,20.11 1 0
github.com/aasanchez/ocpp16types/updatetype.go:22.26,23.14 1 0
github.com/aasanchez/ocpp16types/updatetype.go:24.10,25.15 1 0
github.com/aasanchez/ocpp16types/updatetype.go:30.37,32.2 1 0
github.com/aasanchez/ocpp16types/valueformat.go:18.37,19.11 1 1
github.com/aasanchez/ocpp16types/valueformat.go:20.45,21.14 1 1
github.com/aasanchez/ocpp16types/valueformat.go:22.10,23.15 1 1
github.com/aasanchez/ocpp16types/valueformat.go:28.38,30.2 1 1
